Release 14.7 - xst P.20131013 (nt64)
Copyright (c) 1995-2013 Xilinx, Inc.  All rights reserved.
--> Parameter TMPDIR set to xst/projnav.tmp


Total REAL time to Xst completion: 0.00 secs
Total CPU time to Xst completion: 0.40 secs
 
--> Parameter xsthdpdir set to xst


Total REAL time to Xst completion: 0.00 secs
Total CPU time to Xst completion: 0.40 secs
 
--> Reading design: MIPS.prj

TABLE OF CONTENTS
  1) Synthesis Options Summary
  2) HDL Parsing
  3) HDL Elaboration
  4) HDL Synthesis
       4.1) HDL Synthesis Report
  5) Advanced HDL Synthesis
       5.1) Advanced HDL Synthesis Report
  6) Low Level Synthesis
  7) Partition Report
  8) Design Summary
       8.1) Primitive and Black Box Usage
       8.2) Device utilization summary
       8.3) Partition Resource Summary
       8.4) Timing Report
            8.4.1) Clock Information
            8.4.2) Asynchronous Control Signals Information
            8.4.3) Timing Summary
            8.4.4) Timing Details
            8.4.5) Cross Clock Domains Report


=========================================================================
*                      Synthesis Options Summary                        *
=========================================================================
---- Source Parameters
Input File Name                    : "MIPS.prj"
Ignore Synthesis Constraint File   : NO

---- Target Parameters
Output File Name                   : "MIPS"
Output Format                      : NGC
Target Device                      : xc7a100t-3-csg324

---- Source Options
Top Module Name                    : MIPS
Automatic FSM Extraction           : YES
FSM Encoding Algorithm             : Auto
Safe Implementation                : No
FSM Style                          : LUT
RAM Extraction                     : Yes
RAM Style                          : Auto
ROM Extraction                     : Yes
Shift Register Extraction          : YES
ROM Style                          : Auto
Resource Sharing                   : YES
Asynchronous To Synchronous        : NO
Shift Register Minimum Size        : 2
Use DSP Block                      : Auto
Automatic Register Balancing       : No

---- Target Options
LUT Combining                      : Auto
Reduce Control Sets                : Auto
Add IO Buffers                     : YES
Global Maximum Fanout              : 100000
Add Generic Clock Buffer(BUFG)     : 32
Register Duplication               : YES
Optimize Instantiated Primitives   : NO
Use Clock Enable                   : Auto
Use Synchronous Set                : Auto
Use Synchronous Reset              : Auto
Pack IO Registers into IOBs        : Auto
Equivalent register Removal        : YES

---- General Options
Optimization Goal                  : Speed
Optimization Effort                : 1
Power Reduction                    : NO
Keep Hierarchy                     : No
Netlist Hierarchy                  : As_Optimized
RTL Output                         : Yes
Global Optimization                : AllClockNets
Read Cores                         : YES
Write Timing Constraints           : NO
Cross Clock Analysis               : NO
Hierarchy Separator                : /
Bus Delimiter                      : <>
Case Specifier                     : Maintain
Slice Utilization Ratio            : 100
BRAM Utilization Ratio             : 100
DSP48 Utilization Ratio            : 100
Auto BRAM Packing                  : NO
Slice Utilization Ratio Delta      : 5

=========================================================================


=========================================================================
*                          HDL Parsing                                  *
=========================================================================
Parsing VHDL file "D:\Computer Arche Lab\ProjectWeek1\SignExtend.vhd" into library work
Parsing entity <SignExtend>.
Parsing architecture <Behavioral> of entity <signextend>.
Parsing VHDL file "D:\Computer Arche Lab\ProjectWeek1\ShiftLeft2.vhd" into library work
Parsing entity <ShiftLeft2>.
Parsing architecture <Behavioral> of entity <shiftleft2>.
Parsing VHDL file "D:\Computer Arche Lab\ProjectWeek1\Register_File.vhd" into library work
Parsing entity <Register_File>.
Parsing architecture <Behavioral> of entity <register_file>.
Parsing VHDL file "D:\Computer Arche Lab\ProjectWeek1\PcMux2to1.vhd" into library work
Parsing entity <PcMux2to1>.
Parsing architecture <Behavioral> of entity <pcmux2to1>.
Parsing VHDL file "D:\Computer Arche Lab\ProjectWeek1\PcAdder2.vhd" into library work
Parsing entity <PcAdder2>.
Parsing architecture <Behavioral> of entity <pcadder2>.
Parsing VHDL file "D:\Computer Arche Lab\ProjectWeek1\PcAdder.vhd" into library work
Parsing entity <PcAdder>.
Parsing architecture <Behavioral> of entity <pcadder>.
Parsing VHDL file "D:\Computer Arche Lab\ProjectWeek1\Pc.vhd" into library work
Parsing entity <Pc>.
Parsing architecture <Behavioral> of entity <pc>.
Parsing VHDL file "D:\Computer Arche Lab\ProjectWeek1\mux2to2FORreg.vhd" into library work
Parsing entity <mux2to2FORreg>.
Parsing architecture <Behavioral> of entity <mux2to2forreg>.
Parsing VHDL file "D:\Computer Arche Lab\ProjectWeek1\mux2to1_memoryMux.vhd" into library work
Parsing entity <mux2to1_memoryMux>.
Parsing architecture <Behavioral> of entity <mux2to1_memorymux>.
Parsing VHDL file "D:\Computer Arche Lab\ProjectWeek1\InstructionMemory.vhd" into library work
Parsing entity <InstructionMemory>.
Parsing architecture <Behavioral> of entity <instructionmemory>.
Parsing VHDL file "D:\Computer Arche Lab\ProjectWeek1\Data_Memory.vhd" into library work
Parsing entity <Data_Memory>.
Parsing architecture <Behavioral> of entity <data_memory>.
Parsing VHDL file "D:\Computer Arche Lab\ProjectWeek1\ControlUnit.vhd" into library work
Parsing entity <ControlUnit>.
Parsing architecture <Behavioral> of entity <controlunit>.
Parsing VHDL file "D:\Computer Arche Lab\ProjectWeek1\ALU_CONTROL.vhd" into library work
Parsing entity <ALU_CONTROL>.
Parsing architecture <Behavioral> of entity <alu_control>.
Parsing VHDL file "D:\Computer Arche Lab\ProjectWeek1\ALUMUX2to1.vhd" into library work
Parsing entity <ALUMUX2to1>.
Parsing architecture <Behavioral> of entity <alumux2to1>.
Parsing VHDL file "D:\Computer Arche Lab\ProjectWeek1\ALU.vhd" into library work
Parsing entity <ALU>.
Parsing architecture <Behavioral> of entity <alu>.
Parsing VHDL file "D:\Computer Arche Lab\ProjectWeek1\MIPS.vhd" into library work
Parsing entity <MIPS>.
Parsing architecture <Behavioral> of entity <mips>.

=========================================================================
*                            HDL Elaboration                            *
=========================================================================

Elaborating entity <MIPS> (architecture <Behavioral>) from library <work>.

Elaborating entity <mux2to1_memoryMux> (architecture <Behavioral>) from library <work>.

Elaborating entity <mux2to2FORreg> (architecture <Behavioral>) from library <work>.

Elaborating entity <ALU> (architecture <Behavioral>) from library <work>.

Elaborating entity <ALU_CONTROL> (architecture <Behavioral>) from library <work>.
INFO:HDLCompiler:679 - "D:\Computer Arche Lab\ProjectWeek1\ALU_CONTROL.vhd" Line 74. Case statement is complete. others clause is never selected

Elaborating entity <PcAdder2> (architecture <Behavioral>) from library <work>.

Elaborating entity <Pc> (architecture <Behavioral>) from library <work>.

Elaborating entity <InstructionMemory> (architecture <Behavioral>) from library <work>.

Elaborating entity <PcAdder> (architecture <Behavioral>) from library <work>.

Elaborating entity <ShiftLeft2> (architecture <Behavioral>) from library <work>.

Elaborating entity <SignExtend> (architecture <Behavioral>) from library <work>.

Elaborating entity <ControlUnit> (architecture <Behavioral>) from library <work>.

Elaborating entity <ALUMUX2to1> (architecture <Behavioral>) from library <work>.

Elaborating entity <PcMux2to1> (architecture <Behavioral>) from library <work>.

Elaborating entity <Data_Memory> (architecture <Behavioral>) from library <work>.
WARNING:HDLCompiler:92 - "D:\Computer Arche Lab\ProjectWeek1\Data_Memory.vhd" Line 81: mem should be on the sensitivity list of the process
WARNING:HDLCompiler:92 - "D:\Computer Arche Lab\ProjectWeek1\Data_Memory.vhd" Line 82: mem should be on the sensitivity list of the process
WARNING:HDLCompiler:92 - "D:\Computer Arche Lab\ProjectWeek1\Data_Memory.vhd" Line 83: mem should be on the sensitivity list of the process
WARNING:HDLCompiler:92 - "D:\Computer Arche Lab\ProjectWeek1\Data_Memory.vhd" Line 84: mem should be on the sensitivity list of the process

Elaborating entity <Register_File> (architecture <Behavioral>) from library <work>.
WARNING:HDLCompiler:634 - "D:\Computer Arche Lab\ProjectWeek1\MIPS.vhd" Line 207: Net <PCMUXcontrol> does not have a driver.
WARNING:Xst:2972 - "D:\Computer Arche Lab\ProjectWeek1\MIPS.vhd" line 211. All outputs of instance <Inst_mux2to1_memoryMux> of block <mux2to1_memoryMux> are unconnected in block <MIPS>. Underlying logic will be removed.
WARNING:Xst:2972 - "D:\Computer Arche Lab\ProjectWeek1\MIPS.vhd" line 218. All outputs of instance <Inst_mux2to2FORreg> of block <mux2to2FORreg> are unconnected in block <MIPS>. Underlying logic will be removed.
WARNING:Xst:2972 - "D:\Computer Arche Lab\ProjectWeek1\MIPS.vhd" line 225. All outputs of instance <Inst_ALU> of block <ALU> are unconnected in block <MIPS>. Underlying logic will be removed.
WARNING:Xst:2972 - "D:\Computer Arche Lab\ProjectWeek1\MIPS.vhd" line 233. All outputs of instance <Inst_ALU_CONTROL> of block <ALU_CONTROL> are unconnected in block <MIPS>. Underlying logic will be removed.
WARNING:Xst:2972 - "D:\Computer Arche Lab\ProjectWeek1\MIPS.vhd" line 239. All outputs of instance <Inst_PcAdder2> of block <PcAdder2> are unconnected in block <MIPS>. Underlying logic will be removed.
WARNING:Xst:2972 - "D:\Computer Arche Lab\ProjectWeek1\MIPS.vhd" line 245. All outputs of instance <Inst_Pc> of block <Pc> are unconnected in block <MIPS>. Underlying logic will be removed.
WARNING:Xst:2972 - "D:\Computer Arche Lab\ProjectWeek1\MIPS.vhd" line 252. All outputs of instance <Inst_InstructionMemory> of block <InstructionMemory> are unconnected in block <MIPS>. Underlying logic will be removed.
WARNING:Xst:2972 - "D:\Computer Arche Lab\ProjectWeek1\MIPS.vhd" line 258. All outputs of instance <Inst_PcAdder> of block <PcAdder> are unconnected in block <MIPS>. Underlying logic will be removed.
WARNING:Xst:2972 - "D:\Computer Arche Lab\ProjectWeek1\MIPS.vhd" line 264. All outputs of instance <Inst_ShiftLeft2> of block <ShiftLeft2> are unconnected in block <MIPS>. Underlying logic will be removed.
WARNING:Xst:2972 - "D:\Computer Arche Lab\ProjectWeek1\MIPS.vhd" line 269. All outputs of instance <Inst_SignExtend> of block <SignExtend> are unconnected in block <MIPS>. Underlying logic will be removed.
WARNING:Xst:2972 - "D:\Computer Arche Lab\ProjectWeek1\MIPS.vhd" line 274. All outputs of instance <Inst_ControlUnit> of block <ControlUnit> are unconnected in block <MIPS>. Underlying logic will be removed.
WARNING:Xst:2972 - "D:\Computer Arche Lab\ProjectWeek1\MIPS.vhd" line 286. All outputs of instance <Inst_ALUMUX2to1> of block <ALUMUX2to1> are unconnected in block <MIPS>. Underlying logic will be removed.
WARNING:Xst:2972 - "D:\Computer Arche Lab\ProjectWeek1\MIPS.vhd" line 293. All outputs of instance <Inst_PcMux2to1> of block <PcMux2to1> are unconnected in block <MIPS>. Underlying logic will be removed.
WARNING:Xst:2972 - "D:\Computer Arche Lab\ProjectWeek1\MIPS.vhd" line 301. All outputs of instance <Inst_Data_Memory> of block <Data_Memory> are unconnected in block <MIPS>. Underlying logic will be removed.
WARNING:Xst:2972 - "D:\Computer Arche Lab\ProjectWeek1\MIPS.vhd" line 310. All outputs of instance <Inst_Register_File> of block <Register_File> are unconnected in block <MIPS>. Underlying logic will be removed.

=========================================================================
*                           HDL Synthesis                               *
=========================================================================

Synthesizing Unit <MIPS>.
    Related source file is "D:\Computer Arche Lab\ProjectWeek1\MIPS.vhd".
INFO:Xst:3210 - "D:\Computer Arche Lab\ProjectWeek1\MIPS.vhd" line 225: Output port <Zero> of the instance <Inst_ALU> is unconnected or connected to loadless signal.
INFO:Xst:3210 - "D:\Computer Arche Lab\ProjectWeek1\MIPS.vhd" line 274: Output port <BRANCH> of the instance <Inst_ControlUnit> is unconnected or connected to loadless signal.
INFO:Xst:3210 - "D:\Computer Arche Lab\ProjectWeek1\MIPS.vhd" line 301: Output port <ReadData> of the instance <Inst_Data_Memory> is unconnected or connected to loadless signal.
WARNING:Xst:653 - Signal <PCMUXcontrol> is used but never assigned. This sourceless signal will be automatically connected to value GND.
    Summary:
	no macro.
Unit <MIPS> synthesized.

=========================================================================
HDL Synthesis Report

Found no macro
=========================================================================

=========================================================================
*                       Advanced HDL Synthesis                          *
=========================================================================


=========================================================================
Advanced HDL Synthesis Report

Found no macro
=========================================================================

=========================================================================
*                         Low Level Synthesis                           *
=========================================================================

Optimizing unit <MIPS> ...

Mapping all equations...
Building and optimizing final netlist ...
Found area constraint ratio of 100 (+ 5) on block MIPS, actual ratio is 0.

Final Macro Processing ...

=========================================================================
Final Register Report

Found no macro
=========================================================================

=========================================================================
*                           Partition Report                            *
=========================================================================

Partition Implementation Status
-------------------------------

  No Partitions were found in this design.

-------------------------------

=========================================================================
*                            Design Summary                             *
=========================================================================

Top Level Output File Name         : MIPS.ngc

Primitive and Black Box Usage:
------------------------------

Device utilization summary:
---------------------------

Selected Device : 7a100tcsg324-3 


Slice Logic Utilization: 

Slice Logic Distribution: 
 Number of LUT Flip Flop pairs used:      0
   Number with an unused Flip Flop:       0  out of      0         
   Number with an unused LUT:             0  out of      0         
   Number of fully used LUT-FF pairs:     0  out of      0         
   Number of unique control sets:         0

IO Utilization: 
 Number of IOs:                           1
 Number of bonded IOBs:                   0  out of    210     0%  

Specific Feature Utilization:

---------------------------
Partition Resource Summary:
---------------------------

  No Partitions were found in this design.

---------------------------


=========================================================================
Timing Report

NOTE: THESE TIMING NUMBERS ARE ONLY A SYNTHESIS ESTIMATE.
      FOR ACCURATE TIMING INFORMATION PLEASE REFER TO THE TRACE REPORT
      GENERATED AFTER PLACE-and-ROUTE.

Clock Information:
------------------
No clock signals found in this design

Asynchronous Control Signals Information:
----------------------------------------
No asynchronous control signals found in this design

Timing Summary:
---------------
Speed Grade: -3

   Minimum period: No path found
   Minimum input arrival time before clock: No path found
   Maximum output required time after clock: No path found
   Maximum combinational path delay: No path found

Timing Details:
---------------
All values displayed in nanoseconds (ns)

=========================================================================

Cross Clock Domains Report:
--------------------------

=========================================================================


Total REAL time to Xst completion: 15.00 secs
Total CPU time to Xst completion: 15.88 secs
 
--> 

Total memory usage is 4698632 kilobytes

Number of errors   :    0 (   0 filtered)
Number of warnings :   21 (   0 filtered)
Number of infos    :    3 (   0 filtered)

